Tue, 24 Jan 2023 23:29:24 GMT ::1 - GET / HTTP/1.1 200 8121 - 22.995 ms
Tue, 24 Jan 2023 23:29:24 GMT ::1 - GET /favicon.ico HTTP/1.1 404 2679 - 2.251 ms
Tue, 24 Jan 2023 23:30:27 GMT ::1 - GET / HTTP/1.1 200 8130 - 7.641 ms
Tue, 24 Jan 2023 23:30:30 GMT ::1 - GET / HTTP/1.1 304 - - 6.988 ms
Tue, 24 Jan 2023 23:30:31 GMT ::1 - GET / HTTP/1.1 304 - - 2.854 ms
Tue, 24 Jan 2023 23:30:33 GMT ::1 - GET /dip/alta HTTP/1.1 200 11445 - 4.595 ms
Tue, 24 Jan 2023 23:31:30 GMT ::1 - GET / HTTP/1.1 304 - - 3.273 ms
Tue, 24 Jan 2023 23:31:32 GMT ::1 - GET / HTTP/1.1 304 - - 1.921 ms
Tue, 24 Jan 2023 23:31:35 GMT ::1 - GET /dip/alta HTTP/1.1 304 - - 3.415 ms
Tue, 24 Jan 2023 23:31:37 GMT ::1 - GET / HTTP/1.1 304 - - 4.557 ms
Tue, 24 Jan 2023 23:31:40 GMT ::1 - GET /dip/alta HTTP/1.1 304 - - 2.858 ms
Tue, 24 Jan 2023 23:31:42 GMT ::1 - GET / HTTP/1.1 304 - - 3.193 ms
Tue, 24 Jan 2023 23:32:27 GMT ::1 - GET /productos/modificacion HTTP/1.1 200 8162 - 7.833 ms
Tue, 24 Jan 2023 23:32:33 GMT ::1 - GET /productos/modificacion454 HTTP/1.1 404 2679 - 1.119 ms
Tue, 24 Jan 2023 23:32:40 GMT ::1 - GET / HTTP/1.1 304 - - 3.086 ms
Tue, 24 Jan 2023 23:33:09 GMT ::1 - GET /productos/modificacion454 HTTP/1.1 404 2667 - 1.269 ms
Tue, 24 Jan 2023 23:33:17 GMT ::1 - GET / HTTP/1.1 304 - - 2.996 ms
Tue, 24 Jan 2023 23:33:19 GMT ::1 - GET / HTTP/1.1 304 - - 2.938 ms
Tue, 24 Jan 2023 23:33:20 GMT ::1 - GET / HTTP/1.1 304 - - 2.232 ms
Tue, 24 Jan 2023 23:33:21 GMT ::1 - GET /dip/alta HTTP/1.1 304 - - 2.951 ms
Tue, 24 Jan 2023 23:33:25 GMT ::1 - GET /productos/alta HTTP/1.1 200 8153 - 2.993 ms
Tue, 24 Jan 2023 23:33:28 GMT ::1 - GET /productos/baja HTTP/1.1 200 8153 - 3.271 ms
Tue, 24 Jan 2023 23:33:29 GMT ::1 - GET /productos/modificacion HTTP/1.1 304 - - 2.628 ms
Tue, 24 Jan 2023 23:33:31 GMT ::1 - GET /dip/baja HTTP/1.1 200 8190 - 3.715 ms
Tue, 24 Jan 2023 23:33:33 GMT ::1 - GET /dip/modificacion HTTP/1.1 200 8156 - 2.901 ms
Tue, 24 Jan 2023 23:33:35 GMT ::1 - GET /dip/alta HTTP/1.1 304 - - 2.473 ms
